\BOOKMARK [0][-]{chapter.1}{Introducci\363n}{}% 1
\BOOKMARK [1][-]{section.1.1}{Contexto}{chapter.1}% 2
\BOOKMARK [1][-]{section.1.2}{Propuesta}{chapter.1}% 3
\BOOKMARK [1][-]{section.1.3}{Organizaci\363n del documento}{chapter.1}% 4
\BOOKMARK [0][-]{chapter.2}{Documento de objetivos del proyecto \(DOP\)}{}% 5
\BOOKMARK [1][-]{section.2.1}{Alcance y Exclusiones del proyecto}{chapter.2}% 6
\BOOKMARK [1][-]{section.2.2}{Fases y tareas del proyecto}{chapter.2}% 7
\BOOKMARK [2][-]{subsection.2.2.1}{Estudio de alternativas para la creaci\363n de una aplicaci\363n m\363vil}{section.2.2}% 8
\BOOKMARK [2][-]{subsection.2.2.2}{Formaci\363n}{section.2.2}% 9
\BOOKMARK [2][-]{subsection.2.2.3}{Documentaci\363n del proyecto}{section.2.2}% 10
\BOOKMARK [2][-]{subsection.2.2.4}{Presentaci\363n y Defensa del proyecto}{section.2.2}% 11
\BOOKMARK [1][-]{section.2.3}{An\341lisis de riesgos}{chapter.2}% 12
\BOOKMARK [1][-]{section.2.4}{An\341lisis de factibilidad}{chapter.2}% 13
\BOOKMARK [0][-]{chapter.3}{Gesti\363n del proyecto}{}% 14
\BOOKMARK [1][-]{section.3.1}{Metolog\355a de Desarrollo}{chapter.3}% 15
\BOOKMARK [2][-]{subsection.3.1.1}{Metolog\355a InterMod}{section.3.1}% 16
\BOOKMARK [2][-]{subsection.3.1.2}{Adaptaci\363n de InterMod}{section.3.1}% 17
\BOOKMARK [1][-]{section.3.2}{Equipos y Comunicaci\363n}{chapter.3}% 18
\BOOKMARK [1][-]{section.3.3}{Aspectos de desarrollo considerados}{chapter.3}% 19
\BOOKMARK [1][-]{section.3.4}{Gesti\363n del proyecto a trav\351s de InterMod}{chapter.3}% 20
\BOOKMARK [2][-]{subsection.3.4.1}{Step 0 - An\341lisis del proyecto}{section.3.4}% 21
\BOOKMARK [2][-]{subsection.3.4.2}{Iteraci\363n 1}{section.3.4}% 22
\BOOKMARK [2][-]{subsection.3.4.3}{Iteraci\363n 2}{section.3.4}% 23
\BOOKMARK [2][-]{subsection.3.4.4}{Iteraci\363n 3}{section.3.4}% 24
\BOOKMARK [2][-]{subsection.3.4.5}{Iteraci\363n 4}{section.3.4}% 25
\BOOKMARK [2][-]{subsection.3.4.6}{Iteraci\363n 5}{section.3.4}% 26
\BOOKMARK [2][-]{subsection.3.4.7}{Iteraci\363n 6}{section.3.4}% 27
\BOOKMARK [1][-]{section.3.5}{Documentaci\363n de la gesti\363n del proyecto}{chapter.3}% 28
\BOOKMARK [2][-]{subsection.3.5.1}{Selecci\363n de UOs por iteraciones}{section.3.5}% 29
\BOOKMARK [2][-]{subsection.3.5.2}{Desarrollo de modelos por iteraciones}{section.3.5}% 30
\BOOKMARK [1][-]{section.3.6}{Seguimiento}{chapter.3}% 31
\BOOKMARK [0][-]{chapter.4}{An\341lisis de Requisitos}{}% 32
\BOOKMARK [1][-]{section.4.1}{Requisitos no-funcionales}{chapter.4}% 33
\BOOKMARK [2][-]{subsection.4.1.1}{Requisitos de la interfaz}{section.4.1}% 34
\BOOKMARK [1][-]{section.4.2}{Requisitos funcionales}{chapter.4}% 35
\BOOKMARK [2][-]{subsection.4.2.1}{Requisito com\372n: Autenticaci\363n}{section.4.2}% 36
\BOOKMARK [2][-]{subsection.4.2.2}{UO1-S: Responder a un ejercicio}{section.4.2}% 37
\BOOKMARK [2][-]{subsection.4.2.3}{UO2-S: Ver la descripci\363n completa de un ejercicio}{section.4.2}% 38
\BOOKMARK [2][-]{subsection.4.2.4}{UO1-T + UO2-T: Crear-Lanzar un ejercicio simple/detallado}{section.4.2}% 39
\BOOKMARK [2][-]{subsection.4.2.5}{UO3-T: Cambiar el tipo de ejercicio}{section.4.2}% 40
\BOOKMARK [2][-]{subsection.4.2.6}{UO4-T: Ver estad\355sticas de un ejercicio}{section.4.2}% 41
\BOOKMARK [2][-]{subsection.4.2.7}{UO5-T + UO6-T: Ver la descripci\363n completa y editar un ejercicio}{section.4.2}% 42
\BOOKMARK [2][-]{subsection.4.2.8}{UO8-T + UO9-T + UO10-T: Cerrar sesi\363n, Cambiar el idioma y la asignatura de la aplicaci\363n}{section.4.2}% 43
\BOOKMARK [0][-]{chapter.5}{Dise\361o e Implementaci\363n}{}% 44
\BOOKMARK [1][-]{section.5.1}{M-2: Interfaces o lado del cliente}{chapter.5}% 45
\BOOKMARK [2][-]{subsection.5.1.1}{Interfaz de autenticaci\363n de usuario}{section.5.1}% 46
\BOOKMARK [2][-]{subsection.5.1.2}{Interfaz del alumno}{section.5.1}% 47
\BOOKMARK [2][-]{subsection.5.1.3}{Interfaz del profesor}{section.5.1}% 48
\BOOKMARK [2][-]{subsection.5.1.4}{Interfaz del perfil del profesor}{section.5.1}% 49
\BOOKMARK [2][-]{subsection.5.1.5}{Uso de iconos mediante Font Awesome}{section.5.1}% 50
\BOOKMARK [1][-]{section.5.2}{M-3: L\363gica de negocio o lado del servidor}{chapter.5}% 51
\BOOKMARK [2][-]{subsection.5.2.1}{Configuraci\363n}{section.5.2}% 52
\BOOKMARK [2][-]{subsection.5.2.2}{Identificaci\363n de usuario}{section.5.2}% 53
\BOOKMARK [2][-]{subsection.5.2.3}{Cargar la interfaz principal \(P1 del profesor y P1 del alumno\)}{section.5.2}% 54
\BOOKMARK [2][-]{subsection.5.2.4}{Responder a un ejercicio \(UO1-S\)}{section.5.2}% 55
\BOOKMARK [2][-]{subsection.5.2.5}{Ver detalles de un ejercicio \(UO2-S y UO5-T\)}{section.5.2}% 56
\BOOKMARK [2][-]{subsection.5.2.6}{Crear-Lanzar un ejercicio \(UO1-T y UO2-T\)}{section.5.2}% 57
\BOOKMARK [2][-]{subsection.5.2.7}{Cambiar detalles de un ejercicio \(UO3-T y UO6-T\)}{section.5.2}% 58
\BOOKMARK [2][-]{subsection.5.2.8}{Ver estad\355sticas un ejercicio \(UO4-T\)}{section.5.2}% 59
\BOOKMARK [2][-]{subsection.5.2.9}{Cambiar de idioma \(UO9-T\)}{section.5.2}% 60
\BOOKMARK [2][-]{subsection.5.2.10}{Cambiar de idioma \(UO10-T\)}{section.5.2}% 61
\BOOKMARK [2][-]{subsection.5.2.11}{Base de datos}{section.5.2}% 62
\BOOKMARK [1][-]{section.5.3}{Estructura del proyecto}{chapter.5}% 63
\BOOKMARK [1][-]{section.5.4}{Requisitos de dispositivos para su ejecuci\363n}{chapter.5}% 64
\BOOKMARK [0][-]{chapter.6}{Conclusiones y L\355neas futuras}{}% 65
\BOOKMARK [1][-]{section.6.1}{Objetivos alcanzados}{chapter.6}% 66
\BOOKMARK [1][-]{section.6.2}{L\355neas futuras y Propuestas de mejora}{chapter.6}% 67
\BOOKMARK [1][-]{section.6.3}{Lecciones aprendidas}{chapter.6}% 68
\BOOKMARK [0][-]{chapter*.3}{Bibliograf\355a y Referencias}{}% 69
\BOOKMARK [0][-]{chapter.1}{Actas de Reuni\363n}{}% 70
\BOOKMARK [0][-]{chapter.2}{Actas de Pruebas}{}% 71
\BOOKMARK [0][-]{chapter.3}{Bases de datos}{}% 72
